0 info it worked if it ends with ok
1 verbose cli [ '/Users/guilherme/.nvm/versions/node/v7.7.4/bin/node',
1 verbose cli   '/Users/guilherme/.nvm/versions/node/v7.7.4/bin/npm',
1 verbose cli   'publish' ]
2 info using npm@4.1.2
3 info using node@v7.7.4
4 verbose publish [ '.' ]
5 silly cache add args [ '.', null ]
6 verbose cache add spec .
7 silly cache add parsed spec Result {
7 silly cache add   raw: '.',
7 silly cache add   scope: null,
7 silly cache add   escapedName: null,
7 silly cache add   name: null,
7 silly cache add   rawSpec: '.',
7 silly cache add   spec: '/Users/guilherme/Dev/node-organizer',
7 silly cache add   type: 'directory' }
8 verbose addLocalDirectory /Users/guilherme/.npm/node-organizer/1.0.10/package.tgz not in flight; packing
9 verbose correctMkdir /Users/guilherme/.npm correctMkdir not in flight; initializing
10 info lifecycle node-organizer@1.0.10~prepublish: node-organizer@1.0.10
11 silly lifecycle node-organizer@1.0.10~prepublish: no script for prepublish, continuing
12 info lifecycle node-organizer@1.0.10~prepare: node-organizer@1.0.10
13 silly lifecycle node-organizer@1.0.10~prepare: no script for prepare, continuing
14 verbose tar pack [ '/Users/guilherme/.npm/node-organizer/1.0.10/package.tgz',
14 verbose tar pack   '/Users/guilherme/Dev/node-organizer' ]
15 verbose tarball /Users/guilherme/.npm/node-organizer/1.0.10/package.tgz
16 verbose folder /Users/guilherme/Dev/node-organizer
17 verbose addLocalTarball adding from inside cache /Users/guilherme/.npm/node-organizer/1.0.10/package.tgz
18 verbose correctMkdir /Users/guilherme/.npm correctMkdir not in flight; initializing
19 silly cache afterAdd node-organizer@1.0.10
20 verbose afterAdd /Users/guilherme/.npm/node-organizer/1.0.10/package/package.json not in flight; writing
21 verbose correctMkdir /Users/guilherme/.npm correctMkdir not in flight; initializing
22 verbose afterAdd /Users/guilherme/.npm/node-organizer/1.0.10/package/package.json written
23 silly publish { name: 'node-organizer',
23 silly publish   version: '1.0.10',
23 silly publish   description: 'Organize your files into a classified folder structure',
23 silly publish   main: 'src/main.js',
23 silly publish   bin: { 'node-organizer': 'src/main.js' },
23 silly publish   scripts: { test: 'echo "Error: no test specified" && exit 1' },
23 silly publish   repository:
23 silly publish    { type: 'git',
23 silly publish      url: 'git+https://github.com/gjlacerda/node-organizer.git' },
23 silly publish   author: { name: 'Guilherme Lacerda' },
23 silly publish   license: 'ISC',
23 silly publish   bugs: { url: 'https://github.com/gjlacerda/node-organizer/issues' },
23 silly publish   homepage: 'https://github.com/gjlacerda/node-organizer#readme',
23 silly publish   dependencies: {},
23 silly publish   devDependencies: { fs: '0.0.1-security' },
23 silly publish   readme: '# node-organizer\nOrganize your files into a classified folder structure\n\nBefore:\n![](http://i.imgur.com/EyrjiYu.png)\n\nAfter:\n![](http://i.imgur.com/bh17cM4.png)\n\n## Installation\n```bash\n$ npm install -g node-organizer\n```\n\n## Usage\n```bash\n$ node-organizer\n```',
23 silly publish   readmeFilename: 'README.md',
23 silly publish   gitHead: 'd9e1d76b591c9e49f3328d9f25a05bfaa85f3623',
23 silly publish   _id: 'node-organizer@1.0.10',
23 silly publish   _shasum: 'f417257c1b83ad3a8dcb85512bf9455e37834355',
23 silly publish   _from: '.' }
24 info lifecycle node-organizer@1.0.10~prepublishOnly: node-organizer@1.0.10
25 silly lifecycle node-organizer@1.0.10~prepublishOnly: no script for prepublishOnly, continuing
26 verbose getPublishConfig undefined
27 silly mapToRegistry name node-organizer
28 silly mapToRegistry using default registry
29 silly mapToRegistry registry https://registry.npmjs.org/
30 silly mapToRegistry data Result {
30 silly mapToRegistry   raw: 'node-organizer',
30 silly mapToRegistry   scope: null,
30 silly mapToRegistry   escapedName: 'node-organizer',
30 silly mapToRegistry   name: 'node-organizer',
30 silly mapToRegistry   rawSpec: '',
30 silly mapToRegistry   spec: 'latest',
30 silly mapToRegistry   type: 'tag' }
31 silly mapToRegistry uri https://registry.npmjs.org/node-organizer
32 verbose publish registryBase https://registry.npmjs.org/
33 silly publish uploading /Users/guilherme/.npm/node-organizer/1.0.10/package.tgz
34 verbose request uri https://registry.npmjs.org/node-organizer
35 verbose request sending authorization for write operation
36 info attempt registry request try #1 at 10:07:48 PM
37 verbose request using bearer token for auth
38 verbose request id fafe61878baed9ec
39 http request PUT https://registry.npmjs.org/node-organizer
40 http 403 https://registry.npmjs.org/node-organizer
41 verbose headers { 'content-type': 'application/json',
41 verbose headers   'cache-control': 'max-age=300',
41 verbose headers   'content-length': '96',
41 verbose headers   'accept-ranges': 'bytes',
41 verbose headers   date: 'Sat, 17 Jun 2017 01:07:49 GMT',
41 verbose headers   via: '1.1 varnish',
41 verbose headers   connection: 'keep-alive',
41 verbose headers   'x-served-by': 'cache-gru7123-GRU',
41 verbose headers   'x-cache': 'MISS',
41 verbose headers   'x-cache-hits': '0',
41 verbose headers   'x-timer': 'S1497661669.128610,VS0,VE826',
41 verbose headers   vary: 'Accept-Encoding' }
42 verbose request invalidating /Users/guilherme/.npm/registry.npmjs.org/node-organizer on PUT
43 error publish Failed PUT 403
44 verbose stack Error: "You cannot publish over the previously published version 1.0.10." : node-organizer
44 verbose stack     at makeError (/Users/guilherme/.nvm/versions/node/v7.7.4/lib/node_modules/npm/node_modules/npm-registry-client/lib/request.js:304:12)
44 verbose stack     at CachingRegistryClient.<anonymous> (/Users/guilherme/.nvm/versions/node/v7.7.4/lib/node_modules/npm/node_modules/npm-registry-client/lib/request.js:292:14)
44 verbose stack     at Request._callback (/Users/guilherme/.nvm/versions/node/v7.7.4/lib/node_modules/npm/node_modules/npm-registry-client/lib/request.js:212:14)
44 verbose stack     at Request.self.callback (/Users/guilherme/.nvm/versions/node/v7.7.4/lib/node_modules/npm/node_modules/request/request.js:186:22)
44 verbose stack     at emitTwo (events.js:106:13)
44 verbose stack     at Request.emit (events.js:194:7)
44 verbose stack     at Request.<anonymous> (/Users/guilherme/.nvm/versions/node/v7.7.4/lib/node_modules/npm/node_modules/request/request.js:1081:10)
44 verbose stack     at emitOne (events.js:96:13)
44 verbose stack     at Request.emit (events.js:191:7)
44 verbose stack     at IncomingMessage.<anonymous> (/Users/guilherme/.nvm/versions/node/v7.7.4/lib/node_modules/npm/node_modules/request/request.js:1001:12)
45 verbose statusCode 403
46 verbose pkgid node-organizer
47 verbose cwd /Users/guilherme/Dev/node-organizer
48 error Darwin 16.6.0
49 error argv "/Users/guilherme/.nvm/versions/node/v7.7.4/bin/node" "/Users/guilherme/.nvm/versions/node/v7.7.4/bin/npm" "publish"
50 error node v7.7.4
51 error npm  v4.1.2
52 error code E403
53 error "You cannot publish over the previously published version 1.0.10." : node-organizer
54 error If you need help, you may report this error at:
54 error     <https://github.com/npm/npm/issues>
55 verbose exit [ 1, true ]
